<?xml version="1.0" encoding="UTF-8"?>
<!-- Generated by org.testng.reporters.JUnitReportReporter -->
<testsuite skipped="0" hostname="ManojKrishnan" name="com.ems.json_schema_validation.HamcrestMatcherJsonSchemaValidation" tests="1" failures="1" timestamp="2022-08-16T15:21:31 IST" time="0.389" errors="0">
  <testcase name="validate" time="0.389" classname="com.ems.json_schema_validation.HamcrestMatcherJsonSchemaValidation">
    <failure type="java.lang.AssertionError" message="
Expected: The content to match the given JSON schema.
error: object has missing required properties ([&quot;id&quot;])
    level: &quot;error&quot;
    schema: {&quot;loadingURI&quot;:&quot;#&quot;,&quot;pointer&quot;:&quot;/definitions/Welcome7&quot;}
    instance: {&quot;pointer&quot;:&quot;&quot;}
    domain: &quot;validation&quot;
    keyword: &quot;required&quot;
    required: [&quot;email&quot;,&quot;first_name&quot;,&quot;id&quot;,&quot;last_name&quot;]
    missing: [&quot;id&quot;]

     but: was &quot;{\r\n    \r\n    \&quot;first_name\&quot;: \&quot;Sebastian\&quot;,\r\n    \&quot;last_name\&quot;: \&quot;Eschweiler\&quot;,\r\n    \&quot;email\&quot;:\&quot;nmsnmnss@gmail.com\&quot;\r\n   \r\n  }&quot;">
      <![CDATA[java.lang.AssertionError: 
Expected: The content to match the given JSON schema.
error: object has missing required properties (["id"])
    level: "error"
    schema: {"loadingURI":"#","pointer":"/definitions/Welcome7"}
    instance: {"pointer":""}
    domain: "validation"
    keyword: "required"
    required: ["email","first_name","id","last_name"]
    missing: ["id"]

     but: was "{\r\n    \r\n    \"first_name\": \"Sebastian\",\r\n    \"last_name\": \"Eschweiler\",\r\n    \"email\":\"nmsnmnss@gmail.com\"\r\n   \r\n  }"
at org.hamcrest.MatcherAssert.assertThat(MatcherAssert.java:20)
at org.hamcrest.MatcherAssert.assertThat(MatcherAssert.java:8)
at com.ems.json_schema_validation.HamcrestMatcherJsonSchemaValidation.validate(HamcrestMatcherJsonSchemaValidation.java:18)
at sun.reflect.NativeMethodAccessorImpl.invoke0(Native Method)
at sun.reflect.NativeMethodAccessorImpl.invoke(NativeMethodAccessorImpl.java:62)
at sun.reflect.DelegatingMethodAccessorImpl.invoke(DelegatingMethodAccessorImpl.java:43)
at java.lang.reflect.Method.invoke(Method.java:498)
at org.testng.internal.MethodInvocationHelper.invokeMethod(MethodInvocationHelper.java:133)
at org.testng.internal.TestInvoker.invokeMethod(TestInvoker.java:598)
at org.testng.internal.TestInvoker.invokeTestMethod(TestInvoker.java:173)
at org.testng.internal.MethodRunner.runInSequence(MethodRunner.java:46)
at org.testng.internal.TestInvoker$MethodInvocationAgent.invoke(TestInvoker.java:824)
at org.testng.internal.TestInvoker.invokeTestMethods(TestInvoker.java:146)
at org.testng.internal.TestMethodWorker.invokeTestMethods(TestMethodWorker.java:146)
at org.testng.internal.TestMethodWorker.run(TestMethodWorker.java:128)
at java.util.ArrayList.forEach(ArrayList.java:1259)
at org.testng.TestRunner.privateRun(TestRunner.java:794)
at org.testng.TestRunner.run(TestRunner.java:596)
at org.testng.SuiteRunner.runTest(SuiteRunner.java:377)
at org.testng.SuiteRunner.runSequentially(SuiteRunner.java:371)
at org.testng.SuiteRunner.privateRun(SuiteRunner.java:332)
at org.testng.SuiteRunner.run(SuiteRunner.java:276)
at org.testng.SuiteRunnerWorker.runSuite(SuiteRunnerWorker.java:53)
at org.testng.SuiteRunnerWorker.run(SuiteRunnerWorker.java:96)
at org.testng.TestNG.runSuitesSequentially(TestNG.java:1212)
at org.testng.TestNG.runSuitesLocally(TestNG.java:1134)
at org.testng.TestNG.runSuites(TestNG.java:1063)
at org.testng.TestNG.run(TestNG.java:1031)
at org.testng.remote.AbstractRemoteTestNG.run(AbstractRemoteTestNG.java:115)
at org.testng.remote.RemoteTestNG.initAndRun(RemoteTestNG.java:251)
at org.testng.remote.RemoteTestNG.main(RemoteTestNG.java:77)
]]>
    </failure>
  </testcase> <!-- validate -->
  <system-out/>
</testsuite> <!-- com.ems.json_schema_validation.HamcrestMatcherJsonSchemaValidation -->
